{"/Users/jamiesear/Desktop/FutureProof/lap-2/Project/quiz-app/src/App.js": {"path":"/Users/jamiesear/Desktop/FutureProof/lap-2/Project/quiz-app/src/App.js","statementMap":{"0":{"start":{"line":9,"column":4},"end":{"line":20,"column":6}}},"fnMap":{"0":{"name":"(anonymous_0)","decl":{"start":{"line":8,"column":2},"end":{"line":8,"column":3}},"loc":{"start":{"line":8,"column":11},"end":{"line":21,"column":3}},"line":8}},"branchMap":{},"s":{"0":1},"f":{"0":1},"b":{},"_coverageSchema":"1a1c01bbd47fc00a2c39e90264f33305004495a9","hash":"cfcf33e49e0b821983fd93a44842952765468826"}
,"/Users/jamiesear/Desktop/FutureProof/lap-2/Project/quiz-app/src/Actions/Actions.js": {"path":"/Users/jamiesear/Desktop/FutureProof/lap-2/Project/quiz-app/src/Actions/Actions.js","statementMap":{"0":{"start":{"line":1,"column":23},"end":{"line":1,"column":65}},"1":{"start":{"line":1,"column":31},"end":{"line":1,"column":64}},"2":{"start":{"line":3,"column":24},"end":{"line":6,"column":2}},"3":{"start":{"line":3,"column":35},"end":{"line":6,"column":1}},"4":{"start":{"line":8,"column":27},"end":{"line":21,"column":1}},"5":{"start":{"line":10,"column":4},"end":{"line":20,"column":1}},"6":{"start":{"line":11,"column":8},"end":{"line":11,"column":43}},"7":{"start":{"line":12,"column":4},"end":{"line":19,"column":5}},"8":{"start":{"line":13,"column":21},"end":{"line":13,"column":170}},"9":{"start":{"line":14,"column":21},"end":{"line":14,"column":38}},"10":{"start":{"line":15,"column":8},"end":{"line":15,"column":33}},"11":{"start":{"line":16,"column":8},"end":{"line":16,"column":40}},"12":{"start":{"line":18,"column":8},"end":{"line":18,"column":33}},"13":{"start":{"line":22,"column":31},"end":{"line":22,"column":61}},"14":{"start":{"line":22,"column":38},"end":{"line":22,"column":60}},"15":{"start":{"line":23,"column":31},"end":{"line":23,"column":61}},"16":{"start":{"line":23,"column":38},"end":{"line":23,"column":60}},"17":{"start":{"line":24,"column":31},"end":{"line":24,"column":61}},"18":{"start":{"line":24,"column":38},"end":{"line":24,"column":60}},"19":{"start":{"line":25,"column":31},"end":{"line":25,"column":61}},"20":{"start":{"line":25,"column":38},"end":{"line":25,"column":60}},"21":{"start":{"line":26,"column":31},"end":{"line":26,"column":61}},"22":{"start":{"line":26,"column":38},"end":{"line":26,"column":60}},"23":{"start":{"line":27,"column":28},"end":{"line":27,"column":59}},"24":{"start":{"line":27,"column":35},"end":{"line":27,"column":58}},"25":{"start":{"line":28,"column":25},"end":{"line":28,"column":53}},"26":{"start":{"line":28,"column":32},"end":{"line":28,"column":52}}},"fnMap":{"0":{"name":"(anonymous_0)","decl":{"start":{"line":1,"column":23},"end":{"line":1,"column":24}},"loc":{"start":{"line":1,"column":31},"end":{"line":1,"column":64}},"line":1},"1":{"name":"(anonymous_1)","decl":{"start":{"line":3,"column":24},"end":{"line":3,"column":25}},"loc":{"start":{"line":3,"column":35},"end":{"line":6,"column":1}},"line":3},"2":{"name":"(anonymous_2)","decl":{"start":{"line":8,"column":27},"end":{"line":8,"column":28}},"loc":{"start":{"line":8,"column":41},"end":{"line":21,"column":1}},"line":8},"3":{"name":"(anonymous_3)","decl":{"start":{"line":10,"column":11},"end":{"line":10,"column":12}},"loc":{"start":{"line":10,"column":29},"end":{"line":20,"column":1}},"line":10},"4":{"name":"(anonymous_4)","decl":{"start":{"line":22,"column":31},"end":{"line":22,"column":32}},"loc":{"start":{"line":22,"column":38},"end":{"line":22,"column":60}},"line":22},"5":{"name":"(anonymous_5)","decl":{"start":{"line":23,"column":31},"end":{"line":23,"column":32}},"loc":{"start":{"line":23,"column":38},"end":{"line":23,"column":60}},"line":23},"6":{"name":"(anonymous_6)","decl":{"start":{"line":24,"column":31},"end":{"line":24,"column":32}},"loc":{"start":{"line":24,"column":38},"end":{"line":24,"column":60}},"line":24},"7":{"name":"(anonymous_7)","decl":{"start":{"line":25,"column":31},"end":{"line":25,"column":32}},"loc":{"start":{"line":25,"column":38},"end":{"line":25,"column":60}},"line":25},"8":{"name":"(anonymous_8)","decl":{"start":{"line":26,"column":31},"end":{"line":26,"column":32}},"loc":{"start":{"line":26,"column":38},"end":{"line":26,"column":60}},"line":26},"9":{"name":"(anonymous_9)","decl":{"start":{"line":27,"column":28},"end":{"line":27,"column":29}},"loc":{"start":{"line":27,"column":35},"end":{"line":27,"column":58}},"line":27},"10":{"name":"(anonymous_10)","decl":{"start":{"line":28,"column":25},"end":{"line":28,"column":26}},"loc":{"start":{"line":28,"column":32},"end":{"line":28,"column":52}},"line":28}},"branchMap":{},"s":{"0":4,"1":0,"2":4,"3":0,"4":4,"5":0,"6":0,"7":0,"8":0,"9":0,"10":0,"11":0,"12":0,"13":4,"14":0,"15":4,"16":0,"17":4,"18":0,"19":4,"20":0,"21":4,"22":0,"23":4,"24":0,"25":4,"26":0},"f":{"0":0,"1":0,"2":0,"3":0,"4":0,"5":0,"6":0,"7":0,"8":0,"9":0,"10":0},"b":{},"_coverageSchema":"1a1c01bbd47fc00a2c39e90264f33305004495a9","hash":"84e0e098a78e3da62b9702878f49457187fa55a4"}
,"/Users/jamiesear/Desktop/FutureProof/lap-2/Project/quiz-app/src/Components/BackButton.js": {"path":"/Users/jamiesear/Desktop/FutureProof/lap-2/Project/quiz-app/src/Components/BackButton.js","statementMap":{"0":{"start":{"line":5,"column":4},"end":{"line":7,"column":5}}},"fnMap":{"0":{"name":"BackButton","decl":{"start":{"line":4,"column":9},"end":{"line":4,"column":19}},"loc":{"start":{"line":4,"column":27},"end":{"line":8,"column":1}},"line":4}},"branchMap":{},"s":{"0":2},"f":{"0":2},"b":{},"_coverageSchema":"1a1c01bbd47fc00a2c39e90264f33305004495a9","hash":"9bd365665e7132d6034933d08209b7805411eec6"}
,"/Users/jamiesear/Desktop/FutureProof/lap-2/Project/quiz-app/src/Components/Question.js": {"path":"/Users/jamiesear/Desktop/FutureProof/lap-2/Project/quiz-app/src/Components/Question.js","statementMap":{"0":{"start":{"line":9,"column":8},"end":{"line":9,"column":16}},"1":{"start":{"line":10,"column":8},"end":{"line":12,"column":10}},"2":{"start":{"line":14,"column":4},"end":{"line":14,"column":65}},"3":{"start":{"line":15,"column":4},"end":{"line":15,"column":53}},"4":{"start":{"line":17,"column":24},"end":{"line":17,"column":166}},"5":{"start":{"line":17,"column":31},"end":{"line":17,"column":93}},"6":{"start":{"line":17,"column":94},"end":{"line":17,"column":165}},"7":{"start":{"line":19,"column":21},"end":{"line":22,"column":12}},"8":{"start":{"line":20,"column":14},"end":{"line":20,"column":76}},"9":{"start":{"line":21,"column":12},"end":{"line":21,"column":84}},"10":{"start":{"line":24,"column":19},"end":{"line":58,"column":5}},"11":{"start":{"line":26,"column":8},"end":{"line":28,"column":12}},"12":{"start":{"line":26,"column":21},"end":{"line":26,"column":22}},"13":{"start":{"line":27,"column":12},"end":{"line":27,"column":80}},"14":{"start":{"line":30,"column":12},"end":{"line":54,"column":13}},"15":{"start":{"line":31,"column":16},"end":{"line":33,"column":21}},"16":{"start":{"line":32,"column":20},"end":{"line":32,"column":48}},"17":{"start":{"line":34,"column":19},"end":{"line":54,"column":13}},"18":{"start":{"line":35,"column":16},"end":{"line":37,"column":19}},"19":{"start":{"line":36,"column":20},"end":{"line":36,"column":48}},"20":{"start":{"line":38,"column":19},"end":{"line":54,"column":13}},"21":{"start":{"line":39,"column":16},"end":{"line":41,"column":17}},"22":{"start":{"line":40,"column":20},"end":{"line":40,"column":48}},"23":{"start":{"line":42,"column":19},"end":{"line":54,"column":13}},"24":{"start":{"line":43,"column":16},"end":{"line":46,"column":17}},"25":{"start":{"line":44,"column":20},"end":{"line":44,"column":48}},"26":{"start":{"line":47,"column":19},"end":{"line":54,"column":13}},"27":{"start":{"line":48,"column":16},"end":{"line":50,"column":17}},"28":{"start":{"line":49,"column":20},"end":{"line":49,"column":48}},"29":{"start":{"line":53,"column":16},"end":{"line":53,"column":39}},"30":{"start":{"line":56,"column":8},"end":{"line":56,"column":29}},"31":{"start":{"line":60,"column":25},"end":{"line":84,"column":1}},"32":{"start":{"line":62,"column":9},"end":{"line":76,"column":17}},"33":{"start":{"line":63,"column":12},"end":{"line":63,"column":54}},"34":{"start":{"line":64,"column":15},"end":{"line":76,"column":17}},"35":{"start":{"line":65,"column":20},"end":{"line":65,"column":62}},"36":{"start":{"line":66,"column":15},"end":{"line":76,"column":17}},"37":{"start":{"line":67,"column":12},"end":{"line":67,"column":54}},"38":{"start":{"line":68,"column":15},"end":{"line":76,"column":17}},"39":{"start":{"line":69,"column":12},"end":{"line":69,"column":54}},"40":{"start":{"line":70,"column":15},"end":{"line":76,"column":17}},"41":{"start":{"line":72,"column":12},"end":{"line":72,"column":46}},"42":{"start":{"line":75,"column":16},"end":{"line":75,"column":60}},"43":{"start":{"line":78,"column":7},"end":{"line":78,"column":32}},"44":{"start":{"line":79,"column":7},"end":{"line":83,"column":5}},"45":{"start":{"line":79,"column":20},"end":{"line":79,"column":21}},"46":{"start":{"line":80,"column":8},"end":{"line":80,"column":77}},"47":{"start":{"line":81,"column":8},"end":{"line":81,"column":68}},"48":{"start":{"line":82,"column":8},"end":{"line":82,"column":79}},"49":{"start":{"line":86,"column":31},"end":{"line":86,"column":141}},"50":{"start":{"line":86,"column":121},"end":{"line":86,"column":140}},"51":{"start":{"line":88,"column":8},"end":{"line":102,"column":9}},"52":{"start":{"line":94,"column":111},"end":{"line":94,"column":173}},"53":{"start":{"line":95,"column":111},"end":{"line":95,"column":174}},"54":{"start":{"line":96,"column":111},"end":{"line":96,"column":174}},"55":{"start":{"line":97,"column":111},"end":{"line":97,"column":174}},"56":{"start":{"line":98,"column":50},"end":{"line":98,"column":99}},"57":{"start":{"line":106,"column":13},"end":{"line":110,"column":2}},"58":{"start":{"line":106,"column":23},"end":{"line":110,"column":1}}},"fnMap":{"0":{"name":"(anonymous_0)","decl":{"start":{"line":8,"column":4},"end":{"line":8,"column":5}},"loc":{"start":{"line":8,"column":18},"end":{"line":16,"column":1}},"line":8},"1":{"name":"(anonymous_1)","decl":{"start":{"line":17,"column":24},"end":{"line":17,"column":25}},"loc":{"start":{"line":17,"column":30},"end":{"line":17,"column":166}},"line":17},"2":{"name":"(anonymous_2)","decl":{"start":{"line":19,"column":21},"end":{"line":19,"column":22}},"loc":{"start":{"line":19,"column":27},"end":{"line":22,"column":12}},"line":19},"3":{"name":"(anonymous_3)","decl":{"start":{"line":24,"column":19},"end":{"line":24,"column":20}},"loc":{"start":{"line":24,"column":47},"end":{"line":58,"column":5}},"line":24},"4":{"name":"(anonymous_4)","decl":{"start":{"line":60,"column":25},"end":{"line":60,"column":26}},"loc":{"start":{"line":60,"column":37},"end":{"line":84,"column":1}},"line":60},"5":{"name":"(anonymous_5)","decl":{"start":{"line":85,"column":4},"end":{"line":85,"column":5}},"loc":{"start":{"line":85,"column":13},"end":{"line":103,"column":5}},"line":85},"6":{"name":"(anonymous_6)","decl":{"start":{"line":86,"column":115},"end":{"line":86,"column":116}},"loc":{"start":{"line":86,"column":121},"end":{"line":86,"column":140}},"line":86},"7":{"name":"(anonymous_7)","decl":{"start":{"line":94,"column":105},"end":{"line":94,"column":106}},"loc":{"start":{"line":94,"column":111},"end":{"line":94,"column":173}},"line":94},"8":{"name":"(anonymous_8)","decl":{"start":{"line":95,"column":105},"end":{"line":95,"column":106}},"loc":{"start":{"line":95,"column":111},"end":{"line":95,"column":174}},"line":95},"9":{"name":"(anonymous_9)","decl":{"start":{"line":96,"column":105},"end":{"line":96,"column":106}},"loc":{"start":{"line":96,"column":111},"end":{"line":96,"column":174}},"line":96},"10":{"name":"(anonymous_10)","decl":{"start":{"line":97,"column":105},"end":{"line":97,"column":106}},"loc":{"start":{"line":97,"column":111},"end":{"line":97,"column":174}},"line":97},"11":{"name":"(anonymous_11)","decl":{"start":{"line":98,"column":44},"end":{"line":98,"column":45}},"loc":{"start":{"line":98,"column":50},"end":{"line":98,"column":99}},"line":98},"12":{"name":"(anonymous_12)","decl":{"start":{"line":106,"column":13},"end":{"line":106,"column":14}},"loc":{"start":{"line":106,"column":23},"end":{"line":110,"column":1}},"line":106}},"branchMap":{"0":{"loc":{"start":{"line":30,"column":12},"end":{"line":54,"column":13}},"type":"if","locations":[{"start":{"line":30,"column":12},"end":{"line":54,"column":13}},{"start":{"line":30,"column":12},"end":{"line":54,"column":13}}],"line":30},"1":{"loc":{"start":{"line":31,"column":16},"end":{"line":33,"column":21}},"type":"if","locations":[{"start":{"line":31,"column":16},"end":{"line":33,"column":21}},{"start":{"line":31,"column":16},"end":{"line":33,"column":21}}],"line":31},"2":{"loc":{"start":{"line":34,"column":19},"end":{"line":54,"column":13}},"type":"if","locations":[{"start":{"line":34,"column":19},"end":{"line":54,"column":13}},{"start":{"line":34,"column":19},"end":{"line":54,"column":13}}],"line":34},"3":{"loc":{"start":{"line":35,"column":16},"end":{"line":37,"column":19}},"type":"if","locations":[{"start":{"line":35,"column":16},"end":{"line":37,"column":19}},{"start":{"line":35,"column":16},"end":{"line":37,"column":19}}],"line":35},"4":{"loc":{"start":{"line":38,"column":19},"end":{"line":54,"column":13}},"type":"if","locations":[{"start":{"line":38,"column":19},"end":{"line":54,"column":13}},{"start":{"line":38,"column":19},"end":{"line":54,"column":13}}],"line":38},"5":{"loc":{"start":{"line":39,"column":16},"end":{"line":41,"column":17}},"type":"if","locations":[{"start":{"line":39,"column":16},"end":{"line":41,"column":17}},{"start":{"line":39,"column":16},"end":{"line":41,"column":17}}],"line":39},"6":{"loc":{"start":{"line":42,"column":19},"end":{"line":54,"column":13}},"type":"if","locations":[{"start":{"line":42,"column":19},"end":{"line":54,"column":13}},{"start":{"line":42,"column":19},"end":{"line":54,"column":13}}],"line":42},"7":{"loc":{"start":{"line":43,"column":16},"end":{"line":46,"column":17}},"type":"if","locations":[{"start":{"line":43,"column":16},"end":{"line":46,"column":17}},{"start":{"line":43,"column":16},"end":{"line":46,"column":17}}],"line":43},"8":{"loc":{"start":{"line":47,"column":19},"end":{"line":54,"column":13}},"type":"if","locations":[{"start":{"line":47,"column":19},"end":{"line":54,"column":13}},{"start":{"line":47,"column":19},"end":{"line":54,"column":13}}],"line":47},"9":{"loc":{"start":{"line":48,"column":16},"end":{"line":50,"column":17}},"type":"if","locations":[{"start":{"line":48,"column":16},"end":{"line":50,"column":17}},{"start":{"line":48,"column":16},"end":{"line":50,"column":17}}],"line":48},"10":{"loc":{"start":{"line":62,"column":9},"end":{"line":76,"column":17}},"type":"if","locations":[{"start":{"line":62,"column":9},"end":{"line":76,"column":17}},{"start":{"line":62,"column":9},"end":{"line":76,"column":17}}],"line":62},"11":{"loc":{"start":{"line":64,"column":15},"end":{"line":76,"column":17}},"type":"if","locations":[{"start":{"line":64,"column":15},"end":{"line":76,"column":17}},{"start":{"line":64,"column":15},"end":{"line":76,"column":17}}],"line":64},"12":{"loc":{"start":{"line":64,"column":19},"end":{"line":64,"column":71}},"type":"binary-expr","locations":[{"start":{"line":64,"column":19},"end":{"line":64,"column":40}},{"start":{"line":64,"column":44},"end":{"line":64,"column":71}}],"line":64},"13":{"loc":{"start":{"line":66,"column":15},"end":{"line":76,"column":17}},"type":"if","locations":[{"start":{"line":66,"column":15},"end":{"line":76,"column":17}},{"start":{"line":66,"column":15},"end":{"line":76,"column":17}}],"line":66},"14":{"loc":{"start":{"line":66,"column":19},"end":{"line":66,"column":71}},"type":"binary-expr","locations":[{"start":{"line":66,"column":19},"end":{"line":66,"column":40}},{"start":{"line":66,"column":44},"end":{"line":66,"column":71}}],"line":66},"15":{"loc":{"start":{"line":68,"column":15},"end":{"line":76,"column":17}},"type":"if","locations":[{"start":{"line":68,"column":15},"end":{"line":76,"column":17}},{"start":{"line":68,"column":15},"end":{"line":76,"column":17}}],"line":68},"16":{"loc":{"start":{"line":68,"column":20},"end":{"line":68,"column":72}},"type":"binary-expr","locations":[{"start":{"line":68,"column":20},"end":{"line":68,"column":41}},{"start":{"line":68,"column":45},"end":{"line":68,"column":72}}],"line":68},"17":{"loc":{"start":{"line":70,"column":15},"end":{"line":76,"column":17}},"type":"if","locations":[{"start":{"line":70,"column":15},"end":{"line":76,"column":17}},{"start":{"line":70,"column":15},"end":{"line":76,"column":17}}],"line":70}},"s":{"0":5,"1":5,"2":5,"3":5,"4":5,"5":5,"6":0,"7":5,"8":0,"9":0,"10":5,"11":0,"12":0,"13":0,"14":0,"15":0,"16":0,"17":0,"18":0,"19":0,"20":0,"21":0,"22":0,"23":0,"24":0,"25":0,"26":0,"27":0,"28":0,"29":0,"30":0,"31":5,"32":0,"33":0,"34":0,"35":0,"36":0,"37":0,"38":0,"39":0,"40":0,"41":0,"42":0,"43":0,"44":0,"45":0,"46":0,"47":0,"48":0,"49":5,"50":25,"51":5,"52":0,"53":0,"54":0,"55":0,"56":0,"57":3,"58":0},"f":{"0":5,"1":5,"2":0,"3":0,"4":0,"5":5,"6":25,"7":0,"8":0,"9":0,"10":0,"11":0,"12":0},"b":{"0":[0,0],"1":[0,0],"2":[0,0],"3":[0,0],"4":[0,0],"5":[0,0],"6":[0,0],"7":[0,0],"8":[0,0],"9":[0,0],"10":[0,0],"11":[0,0],"12":[0,0],"13":[0,0],"14":[0,0],"15":[0,0],"16":[0,0],"17":[0,0]},"_coverageSchema":"1a1c01bbd47fc00a2c39e90264f33305004495a9","hash":"37e235230fc4e531f213d10c5cb4f71dac95b318"}
,"/Users/jamiesear/Desktop/FutureProof/lap-2/Project/quiz-app/src/Pages/HowToPlay.js": {"path":"/Users/jamiesear/Desktop/FutureProof/lap-2/Project/quiz-app/src/Pages/HowToPlay.js","statementMap":{"0":{"start":{"line":4,"column":18},"end":{"line":14,"column":1}},"1":{"start":{"line":5,"column":4},"end":{"line":13,"column":5}}},"fnMap":{"0":{"name":"(anonymous_0)","decl":{"start":{"line":4,"column":18},"end":{"line":4,"column":19}},"loc":{"start":{"line":4,"column":35},"end":{"line":14,"column":1}},"line":4}},"branchMap":{},"s":{"0":2,"1":2},"f":{"0":2},"b":{},"_coverageSchema":"1a1c01bbd47fc00a2c39e90264f33305004495a9","hash":"00146ceb75432a2ea336e0b533a3c70838efd06a"}
,"/Users/jamiesear/Desktop/FutureProof/lap-2/Project/quiz-app/src/Pages/Play.js": {"path":"/Users/jamiesear/Desktop/FutureProof/lap-2/Project/quiz-app/src/Pages/Play.js","statementMap":{"0":{"start":{"line":9,"column":8},"end":{"line":9,"column":16}},"1":{"start":{"line":10,"column":8},"end":{"line":16,"column":10}},"2":{"start":{"line":17,"column":8},"end":{"line":17,"column":55}},"3":{"start":{"line":18,"column":8},"end":{"line":18,"column":57}},"4":{"start":{"line":19,"column":8},"end":{"line":19,"column":57}},"5":{"start":{"line":23,"column":9},"end":{"line":23,"column":27}},"6":{"start":{"line":24,"column":8},"end":{"line":24,"column":72}},"7":{"start":{"line":25,"column":7},"end":{"line":25,"column":42}},"8":{"start":{"line":26,"column":8},"end":{"line":26,"column":46}},"9":{"start":{"line":30,"column":8},"end":{"line":30,"column":27}},"10":{"start":{"line":31,"column":8},"end":{"line":31,"column":25}},"11":{"start":{"line":33,"column":8},"end":{"line":33,"column":42}},"12":{"start":{"line":34,"column":8},"end":{"line":34,"column":33}},"13":{"start":{"line":36,"column":8},"end":{"line":36,"column":52}},"14":{"start":{"line":40,"column":8},"end":{"line":40,"column":26}},"15":{"start":{"line":41,"column":8},"end":{"line":41,"column":56}},"16":{"start":{"line":46,"column":8},"end":{"line":108,"column":9}},"17":{"start":{"line":112,"column":13},"end":{"line":118,"column":2}},"18":{"start":{"line":112,"column":23},"end":{"line":118,"column":1}}},"fnMap":{"0":{"name":"(anonymous_0)","decl":{"start":{"line":8,"column":4},"end":{"line":8,"column":5}},"loc":{"start":{"line":8,"column":18},"end":{"line":20,"column":5}},"line":8},"1":{"name":"(anonymous_1)","decl":{"start":{"line":22,"column":4},"end":{"line":22,"column":5}},"loc":{"start":{"line":22,"column":25},"end":{"line":27,"column":5}},"line":22},"2":{"name":"(anonymous_2)","decl":{"start":{"line":29,"column":5},"end":{"line":29,"column":6}},"loc":{"start":{"line":29,"column":21},"end":{"line":37,"column":5}},"line":29},"3":{"name":"(anonymous_3)","decl":{"start":{"line":39,"column":5},"end":{"line":39,"column":6}},"loc":{"start":{"line":39,"column":20},"end":{"line":42,"column":5}},"line":39},"4":{"name":"(anonymous_4)","decl":{"start":{"line":44,"column":4},"end":{"line":44,"column":5}},"loc":{"start":{"line":44,"column":13},"end":{"line":109,"column":5}},"line":44},"5":{"name":"(anonymous_5)","decl":{"start":{"line":112,"column":13},"end":{"line":112,"column":14}},"loc":{"start":{"line":112,"column":23},"end":{"line":118,"column":1}},"line":112}},"branchMap":{},"s":{"0":0,"1":0,"2":0,"3":0,"4":0,"5":0,"6":0,"7":0,"8":0,"9":0,"10":0,"11":0,"12":0,"13":0,"14":0,"15":0,"16":0,"17":1,"18":0},"f":{"0":0,"1":0,"2":0,"3":0,"4":0,"5":0},"b":{},"_coverageSchema":"1a1c01bbd47fc00a2c39e90264f33305004495a9","hash":"4fc9d7ec9f2ac9b2f37041d862e4a63f5e5a68b2"}
,"/Users/jamiesear/Desktop/FutureProof/lap-2/Project/quiz-app/src/Pages/QuestionPage.js": {"path":"/Users/jamiesear/Desktop/FutureProof/lap-2/Project/quiz-app/src/Pages/QuestionPage.js","statementMap":{"0":{"start":{"line":9,"column":8},"end":{"line":14,"column":9}},"1":{"start":{"line":18,"column":13},"end":{"line":21,"column":2}},"2":{"start":{"line":18,"column":23},"end":{"line":21,"column":1}},"3":{"start":{"line":23,"column":20},"end":{"line":26,"column":2}},"4":{"start":{"line":23,"column":33},"end":{"line":26,"column":1}},"5":{"start":{"line":24,"column":20},"end":{"line":24,"column":61}},"6":{"start":{"line":25,"column":24},"end":{"line":25,"column":57}}},"fnMap":{"0":{"name":"(anonymous_0)","decl":{"start":{"line":7,"column":4},"end":{"line":7,"column":5}},"loc":{"start":{"line":7,"column":13},"end":{"line":15,"column":5}},"line":7},"1":{"name":"(anonymous_1)","decl":{"start":{"line":18,"column":13},"end":{"line":18,"column":14}},"loc":{"start":{"line":18,"column":23},"end":{"line":21,"column":1}},"line":18},"2":{"name":"(anonymous_2)","decl":{"start":{"line":23,"column":20},"end":{"line":23,"column":21}},"loc":{"start":{"line":23,"column":33},"end":{"line":26,"column":1}},"line":23},"3":{"name":"(anonymous_3)","decl":{"start":{"line":24,"column":14},"end":{"line":24,"column":15}},"loc":{"start":{"line":24,"column":20},"end":{"line":24,"column":61}},"line":24},"4":{"name":"(anonymous_4)","decl":{"start":{"line":25,"column":18},"end":{"line":25,"column":19}},"loc":{"start":{"line":25,"column":24},"end":{"line":25,"column":57}},"line":25}},"branchMap":{"0":{"loc":{"start":{"line":11,"column":17},"end":{"line":11,"column":159}},"type":"cond-expr","locations":[{"start":{"line":11,"column":46},"end":{"line":11,"column":137}},{"start":{"line":11,"column":140},"end":{"line":11,"column":159}}],"line":11},"1":{"loc":{"start":{"line":12,"column":17},"end":{"line":12,"column":139}},"type":"cond-expr","locations":[{"start":{"line":12,"column":105},"end":{"line":12,"column":125}},{"start":{"line":12,"column":128},"end":{"line":12,"column":139}}],"line":12},"2":{"loc":{"start":{"line":12,"column":17},"end":{"line":12,"column":102}},"type":"binary-expr","locations":[{"start":{"line":12,"column":17},"end":{"line":12,"column":43}},{"start":{"line":12,"column":47},"end":{"line":12,"column":102}}],"line":12}},"s":{"0":1,"1":2,"2":0,"3":2,"4":0,"5":0,"6":0},"f":{"0":1,"1":0,"2":0,"3":0,"4":0},"b":{"0":[0,0],"1":[0,0],"2":[0,0]},"_coverageSchema":"1a1c01bbd47fc00a2c39e90264f33305004495a9","hash":"e2a85019ccec0974ea4114a4f5a2c5a4dce0cade"}
,"/Users/jamiesear/Desktop/FutureProof/lap-2/Project/quiz-app/src/Pages/Result.js": {"path":"/Users/jamiesear/Desktop/FutureProof/lap-2/Project/quiz-app/src/Pages/Result.js","statementMap":{"0":{"start":{"line":11,"column":19},"end":{"line":29,"column":5}},"1":{"start":{"line":12,"column":26},"end":{"line":12,"column":58}},"2":{"start":{"line":14,"column":9},"end":{"line":26,"column":10}},"3":{"start":{"line":14,"column":22},"end":{"line":14,"column":23}},"4":{"start":{"line":15,"column":13},"end":{"line":15,"column":27}},"5":{"start":{"line":17,"column":13},"end":{"line":24,"column":14}},"6":{"start":{"line":69,"column":16},"end":{"line":69,"column":48}},"7":{"start":{"line":69,"column":22},"end":{"line":69,"column":48}},"8":{"start":{"line":73,"column":27},"end":{"line":73,"column":82}},"9":{"start":{"line":76,"column":29},"end":{"line":76,"column":170}},"10":{"start":{"line":85,"column":28},"end":{"line":85,"column":174}},"11":{"start":{"line":90,"column":26},"end":{"line":90,"column":46}},"12":{"start":{"line":91,"column":8},"end":{"line":91,"column":32}},"13":{"start":{"line":92,"column":8},"end":{"line":92,"column":47}},"14":{"start":{"line":94,"column":8},"end":{"line":101,"column":11}},"15":{"start":{"line":96,"column":16},"end":{"line":98,"column":17}},"16":{"start":{"line":97,"column":20},"end":{"line":97,"column":45}},"17":{"start":{"line":99,"column":16},"end":{"line":99,"column":49}},"18":{"start":{"line":102,"column":8},"end":{"line":102,"column":32}},"19":{"start":{"line":104,"column":8},"end":{"line":104,"column":36}},"20":{"start":{"line":106,"column":8},"end":{"line":106,"column":40}},"21":{"start":{"line":116,"column":28},"end":{"line":120,"column":10}},"22":{"start":{"line":116,"column":35},"end":{"line":120,"column":9}},"23":{"start":{"line":117,"column":16},"end":{"line":117,"column":78}},"24":{"start":{"line":119,"column":16},"end":{"line":119,"column":25}},"25":{"start":{"line":125,"column":31},"end":{"line":125,"column":121}},"26":{"start":{"line":125,"column":69},"end":{"line":125,"column":120}},"27":{"start":{"line":127,"column":8},"end":{"line":127,"column":44}},"28":{"start":{"line":128,"column":8},"end":{"line":128,"column":43}},"29":{"start":{"line":129,"column":8},"end":{"line":129,"column":40}},"30":{"start":{"line":132,"column":8},"end":{"line":142,"column":9}},"31":{"start":{"line":139,"column":71},"end":{"line":139,"column":93}},"32":{"start":{"line":140,"column":67},"end":{"line":140,"column":89}},"33":{"start":{"line":147,"column":13},"end":{"line":154,"column":2}},"34":{"start":{"line":147,"column":23},"end":{"line":154,"column":1}}},"fnMap":{"0":{"name":"(anonymous_0)","decl":{"start":{"line":11,"column":19},"end":{"line":11,"column":20}},"loc":{"start":{"line":11,"column":25},"end":{"line":29,"column":5}},"line":11},"1":{"name":"(anonymous_1)","decl":{"start":{"line":69,"column":16},"end":{"line":69,"column":17}},"loc":{"start":{"line":69,"column":22},"end":{"line":69,"column":48}},"line":69},"2":{"name":"(anonymous_2)","decl":{"start":{"line":71,"column":4},"end":{"line":71,"column":5}},"loc":{"start":{"line":71,"column":12},"end":{"line":143,"column":5}},"line":71},"3":{"name":"(anonymous_3)","decl":{"start":{"line":95,"column":12},"end":{"line":95,"column":13}},"loc":{"start":{"line":95,"column":28},"end":{"line":101,"column":9}},"line":95},"4":{"name":"(anonymous_4)","decl":{"start":{"line":116,"column":28},"end":{"line":116,"column":29}},"loc":{"start":{"line":116,"column":34},"end":{"line":120,"column":10}},"line":116},"5":{"name":"(anonymous_5)","decl":{"start":{"line":125,"column":54},"end":{"line":125,"column":55}},"loc":{"start":{"line":125,"column":69},"end":{"line":125,"column":120}},"line":125},"6":{"name":"(anonymous_6)","decl":{"start":{"line":139,"column":65},"end":{"line":139,"column":66}},"loc":{"start":{"line":139,"column":71},"end":{"line":139,"column":93}},"line":139},"7":{"name":"(anonymous_7)","decl":{"start":{"line":140,"column":61},"end":{"line":140,"column":62}},"loc":{"start":{"line":140,"column":67},"end":{"line":140,"column":89}},"line":140},"8":{"name":"(anonymous_8)","decl":{"start":{"line":147,"column":13},"end":{"line":147,"column":14}},"loc":{"start":{"line":147,"column":23},"end":{"line":154,"column":1}},"line":147}},"branchMap":{"0":{"loc":{"start":{"line":96,"column":16},"end":{"line":98,"column":17}},"type":"if","locations":[{"start":{"line":96,"column":16},"end":{"line":98,"column":17}},{"start":{"line":96,"column":16},"end":{"line":98,"column":17}}],"line":96},"1":{"loc":{"start":{"line":99,"column":23},"end":{"line":99,"column":48}},"type":"cond-expr","locations":[{"start":{"line":99,"column":43},"end":{"line":99,"column":44}},{"start":{"line":99,"column":46},"end":{"line":99,"column":48}}],"line":99},"2":{"loc":{"start":{"line":116,"column":35},"end":{"line":120,"column":9}},"type":"if","locations":[{"start":{"line":116,"column":35},"end":{"line":120,"column":9}},{"start":{"line":116,"column":35},"end":{"line":120,"column":9}}],"line":116}},"s":{"0":4,"1":0,"2":0,"3":0,"4":0,"5":0,"6":4,"7":0,"8":4,"9":0,"10":0,"11":0,"12":0,"13":0,"14":0,"15":0,"16":0,"17":0,"18":0,"19":0,"20":0,"21":0,"22":0,"23":0,"24":0,"25":0,"26":0,"27":0,"28":0,"29":0,"30":0,"31":0,"32":0,"33":2,"34":0},"f":{"0":0,"1":0,"2":4,"3":0,"4":0,"5":0,"6":0,"7":0,"8":0},"b":{"0":[0,0],"1":[0,0],"2":[0,0]},"_coverageSchema":"1a1c01bbd47fc00a2c39e90264f33305004495a9","hash":"e96a63c4ce50dc5e3cdaed02292cca3d4037d13b"}
,"/Users/jamiesear/Desktop/FutureProof/lap-2/Project/quiz-app/src/Pages/Welcome.js": {"path":"/Users/jamiesear/Desktop/FutureProof/lap-2/Project/quiz-app/src/Pages/Welcome.js","statementMap":{"0":{"start":{"line":7,"column":8},"end":{"line":13,"column":9}}},"fnMap":{"0":{"name":"(anonymous_0)","decl":{"start":{"line":6,"column":4},"end":{"line":6,"column":5}},"loc":{"start":{"line":6,"column":13},"end":{"line":14,"column":5}},"line":6}},"branchMap":{},"s":{"0":3},"f":{"0":3},"b":{},"_coverageSchema":"1a1c01bbd47fc00a2c39e90264f33305004495a9","hash":"4a0684c3c91b97589f2bdfd0bc9b32256a7cdda8"}
,"/Users/jamiesear/Desktop/FutureProof/lap-2/Project/quiz-app/src/Pages/index.js": {"path":"/Users/jamiesear/Desktop/FutureProof/lap-2/Project/quiz-app/src/Pages/index.js","statementMap":{},"fnMap":{},"branchMap":{},"s":{},"f":{},"b":{},"_coverageSchema":"1a1c01bbd47fc00a2c39e90264f33305004495a9","hash":"feb0b5146e4ba01a5d01e301962a3a053374fe2c"}
}
